{"C:\\Users\\SW1R\\Documents\\Software Enginer\\Allegro\\tests\\basic-testing-frontend\\src\\math.js": {"path":"C:\\Users\\SW1R\\Documents\\Software Enginer\\Allegro\\tests\\basic-testing-frontend\\src\\math.js","all":false,"statementMap":{"0":{"start":{"line":1,"column":0},"end":{"line":1,"column":30}},"1":{"start":{"line":2,"column":0},"end":{"line":2,"column":14}},"2":{"start":{"line":3,"column":0},"end":{"line":3,"column":0}},"3":{"start":{"line":4,"column":0},"end":{"line":4,"column":33}},"4":{"start":{"line":5,"column":0},"end":{"line":5,"column":19}},"5":{"start":{"line":6,"column":0},"end":{"line":6,"column":3}},"6":{"start":{"line":7,"column":0},"end":{"line":7,"column":13}},"7":{"start":{"line":8,"column":0},"end":{"line":8,"column":1}}},"s":{"0":1,"1":5,"2":5,"3":5,"4":6,"5":6,"6":4,"7":4},"branchMap":{"0":{"type":"branch","line":2,"loc":{"start":{"line":2,"column":-1},"end":{"line":8,"column":1}},"locations":[{"start":{"line":2,"column":-1},"end":{"line":8,"column":1}}]},"1":{"type":"branch","line":4,"loc":{"start":{"line":4,"column":32},"end":{"line":6,"column":3}},"locations":[{"start":{"line":4,"column":32},"end":{"line":6,"column":3}}]},"2":{"type":"branch","line":7,"loc":{"start":{"line":7,"column":-1},"end":{"line":8,"column":1}},"locations":[{"start":{"line":7,"column":-1},"end":{"line":8,"column":1}}]}},"b":{"0":[5],"1":[6],"2":[4]},"fnMap":{"0":{"name":"add","decl":{"start":{"line":2,"column":-1},"end":{"line":8,"column":1}},"loc":{"start":{"line":2,"column":-1},"end":{"line":8,"column":1}},"line":2}},"f":{"0":5}}
,"C:\\Users\\SW1R\\Documents\\Software Enginer\\Allegro\\tests\\basic-testing-frontend\\src\\util\\numbers.js": {"path":"C:\\Users\\SW1R\\Documents\\Software Enginer\\Allegro\\tests\\basic-testing-frontend\\src\\util\\numbers.js","all":false,"statementMap":{"0":{"start":{"line":1,"column":0},"end":{"line":1,"column":42}},"1":{"start":{"line":2,"column":0},"end":{"line":2,"column":16}},"2":{"start":{"line":3,"column":0},"end":{"line":3,"column":1}}},"s":{"0":1,"1":4,"2":4},"branchMap":{"0":{"type":"branch","line":2,"loc":{"start":{"line":2,"column":-1},"end":{"line":3,"column":1}},"locations":[{"start":{"line":2,"column":-1},"end":{"line":3,"column":1}}]}},"b":{"0":[4]},"fnMap":{"0":{"name":"transformToNumber","decl":{"start":{"line":2,"column":-1},"end":{"line":3,"column":1}},"loc":{"start":{"line":2,"column":-1},"end":{"line":3,"column":1}},"line":2}},"f":{"0":4}}
,"C:\\Users\\SW1R\\Documents\\Software Enginer\\Allegro\\tests\\basic-testing-frontend\\src\\util\\validation.js": {"path":"C:\\Users\\SW1R\\Documents\\Software Enginer\\Allegro\\tests\\basic-testing-frontend\\src\\util\\validation.js","all":false,"statementMap":{"0":{"start":{"line":1,"column":0},"end":{"line":1,"column":47}},"1":{"start":{"line":2,"column":0},"end":{"line":2,"column":34}},"2":{"start":{"line":3,"column":0},"end":{"line":3,"column":58}},"3":{"start":{"line":4,"column":0},"end":{"line":4,"column":3}},"4":{"start":{"line":5,"column":0},"end":{"line":5,"column":1}},"5":{"start":{"line":6,"column":0},"end":{"line":6,"column":0}},"6":{"start":{"line":7,"column":0},"end":{"line":7,"column":40}},"7":{"start":{"line":8,"column":0},"end":{"line":8,"column":52}},"8":{"start":{"line":9,"column":0},"end":{"line":9,"column":45}},"9":{"start":{"line":10,"column":0},"end":{"line":10,"column":3}},"10":{"start":{"line":11,"column":0},"end":{"line":11,"column":1}}},"s":{"0":1,"1":7,"2":3,"3":3,"4":7,"5":1,"6":1,"7":4,"8":3,"9":3,"10":4},"branchMap":{"0":{"type":"branch","line":2,"loc":{"start":{"line":2,"column":-1},"end":{"line":5,"column":1}},"locations":[{"start":{"line":2,"column":-1},"end":{"line":5,"column":1}}]},"1":{"type":"branch","line":2,"loc":{"start":{"line":2,"column":33},"end":{"line":4,"column":3}},"locations":[{"start":{"line":2,"column":33},"end":{"line":4,"column":3}}]},"2":{"type":"branch","line":7,"loc":{"start":{"line":7,"column":7},"end":{"line":11,"column":1}},"locations":[{"start":{"line":7,"column":7},"end":{"line":11,"column":1}}]},"3":{"type":"branch","line":8,"loc":{"start":{"line":8,"column":20},"end":{"line":8,"column":49}},"locations":[{"start":{"line":8,"column":20},"end":{"line":8,"column":49}}]},"4":{"type":"branch","line":8,"loc":{"start":{"line":8,"column":51},"end":{"line":10,"column":3}},"locations":[{"start":{"line":8,"column":51},"end":{"line":10,"column":3}}]}},"b":{"0":[7],"1":[3],"2":[4],"3":[2],"4":[3]},"fnMap":{"0":{"name":"validateStringNotEmpty","decl":{"start":{"line":2,"column":-1},"end":{"line":5,"column":1}},"loc":{"start":{"line":2,"column":-1},"end":{"line":5,"column":1}},"line":2},"1":{"name":"validateNumber","decl":{"start":{"line":7,"column":7},"end":{"line":11,"column":1}},"loc":{"start":{"line":7,"column":7},"end":{"line":11,"column":1}},"line":7}},"f":{"0":7,"1":4}}
}
